<?xml version="1.0" encoding="UTF-8"?>
<testng-results ignored="0" total="1" passed="1" failed="0" skipped="0">
  <reporter-output>
  </reporter-output>
  <suite started-at="2023-09-02T20:00:40 IST" name="Default suite" finished-at="2023-09-02T20:00:47 IST" duration-ms="6621">
    <groups>
    </groups>
    <test started-at="2023-09-02T20:00:40 IST" name="Default test" finished-at="2023-09-02T20:00:47 IST" duration-ms="6621">
      <class name="testNg_Fail.Facebook">
        <test-method signature="fail()[pri:0, instance:testNg_Fail.Facebook@4efbca5a]" started-at="2023-09-02T20:00:40 IST" name="fail" finished-at="2023-09-02T20:00:47 IST" duration-ms="6575" status="PASS">
          <reporter-output>
          </reporter-output>
        </test-method> <!-- fail -->
      </class> <!-- testNg_Fail.Facebook -->
    </test> <!-- Default test -->
  </suite> <!-- Default suite -->
</testng-results>
